<?xml version="1.0" encoding="UTF-8"?>
<!-- Generated by org.testng.reporters.JUnitXMLReporter -->
<testsuite ignored="0" hostname="DESKTOP-P7M9UKA" failures="0" tests="5" name="chromeTest" time="32.1" errors="0" timestamp="2025-05-15T08:09:21 IST">
  <testcase classname="Annotations.dataprovider" name="data" time="3.608"/>
  <testcase classname="Annotations.dataprovider" name="data1" time="2.389"/>
  <testcase classname="Annotations.dataprovider" name="data1" time="2.38"/>
  <testcase classname="Annotations.dataprovider" name="data1" time="2.394"/>
  <testcase classname="Annotations.dataprovider" name="data1" time="2.362"/>
</testsuite> <!-- chromeTest -->
