<?xml version="1.0" encoding="UTF-8"?>
<!-- Generated by org.testng.reporters.JUnitXMLReporter -->
<testsuite ignored="0" hostname="DESKTOP-P7M9UKA" failures="0" tests="5" name="EdgeTest" time="33.67" errors="0" timestamp="2025-05-15T07:45:55 IST">
  <testcase classname="Annotations.dataprovider" name="data" time="3.695"/>
  <testcase classname="Annotations.dataprovider" name="data1" time="0.364"/>
  <testcase classname="Annotations.dataprovider" name="data1" time="0.352"/>
  <testcase classname="Annotations.dataprovider" name="data1" time="0.347"/>
  <testcase classname="Annotations.dataprovider" name="data1" time="0.332"/>
</testsuite> <!-- EdgeTest -->
