<?xml version="1.0" encoding="UTF-8"?>
<!-- Generated by org.testng.reporters.JUnitXMLReporter -->
<testsuite ignored="0" hostname="DESKTOP-P7M9UKA" failures="0" tests="2" name="Default test" time="0.049" errors="0" timestamp="2025-05-22T15:38:47 IST">
  <testcase classname="Annotations.dataprovider" name="data" time="0.0">
    <skipped/>
  </testcase> <!-- data -->
  <testcase classname="Annotations.dataprovider" name="data1" time="0.0">
    <skipped/>
  </testcase> <!-- data1 -->
</testsuite> <!-- Default test -->
