<?xml version="1.0" encoding="UTF-8"?>
<!-- Generated by org.testng.reporters.JUnitXMLReporter -->
<testsuite ignored="1" hostname="DESKTOP-P7M9UKA" failures="4" tests="4" name="sanitytest" time="1.123" errors="0" timestamp="2025-05-15T07:59:00 IST">
  <testcase classname="Annotations.dataprovider" name="data1" time="0.008">
    <failure type="java.lang.NullPointerException" message="Cannot invoke &amp;quot;org.openqa.selenium.WebDriver.findElement(org.openqa.selenium.By)&amp;quot; because &amp;quot;POM.POMClass.Drive&amp;quot; is null">
      <![CDATA[java.lang.NullPointerException: Cannot invoke "org.openqa.selenium.WebDriver.findElement(org.openqa.selenium.By)" because "POM.POMClass.Drive" is null
at POM.POMClass.getUsername(POMClass.java:25)
at Annotations.dataprovider.data1(dataprovider.java:74)
at java.base/java.util.ArrayList.forEach(ArrayList.java:1511)
... Removed 27 stack frames]]>
    </failure>
  </testcase> <!-- data1 -->
  <testcase classname="Annotations.dataprovider" name="data1" time="0.004">
    <failure type="java.lang.NullPointerException" message="Cannot invoke &amp;quot;org.openqa.selenium.WebDriver.findElement(org.openqa.selenium.By)&amp;quot; because &amp;quot;POM.POMClass.Drive&amp;quot; is null">
      <![CDATA[java.lang.NullPointerException: Cannot invoke "org.openqa.selenium.WebDriver.findElement(org.openqa.selenium.By)" because "POM.POMClass.Drive" is null
at POM.POMClass.getUsername(POMClass.java:25)
at Annotations.dataprovider.data1(dataprovider.java:74)
at java.base/java.util.ArrayList.forEach(ArrayList.java:1511)
... Removed 27 stack frames]]>
    </failure>
  </testcase> <!-- data1 -->
  <testcase classname="Annotations.dataprovider" name="data1" time="0.007">
    <failure type="java.lang.NullPointerException" message="Cannot invoke &amp;quot;org.openqa.selenium.WebDriver.findElement(org.openqa.selenium.By)&amp;quot; because &amp;quot;POM.POMClass.Drive&amp;quot; is null">
      <![CDATA[java.lang.NullPointerException: Cannot invoke "org.openqa.selenium.WebDriver.findElement(org.openqa.selenium.By)" because "POM.POMClass.Drive" is null
at POM.POMClass.getUsername(POMClass.java:25)
at Annotations.dataprovider.data1(dataprovider.java:74)
at java.base/java.util.ArrayList.forEach(ArrayList.java:1511)
... Removed 27 stack frames]]>
    </failure>
  </testcase> <!-- data1 -->
  <testcase classname="Annotations.dataprovider" name="data1" time="0.004">
    <failure type="java.lang.NullPointerException" message="Cannot invoke &amp;quot;org.openqa.selenium.WebDriver.findElement(org.openqa.selenium.By)&amp;quot; because &amp;quot;POM.POMClass.Drive&amp;quot; is null">
      <![CDATA[java.lang.NullPointerException: Cannot invoke "org.openqa.selenium.WebDriver.findElement(org.openqa.selenium.By)" because "POM.POMClass.Drive" is null
at POM.POMClass.getUsername(POMClass.java:25)
at Annotations.dataprovider.data1(dataprovider.java:74)
at java.base/java.util.ArrayList.forEach(ArrayList.java:1511)
... Removed 27 stack frames]]>
    </failure>
  </testcase> <!-- data1 -->
  <testcase classname="Annotations.dataprovider" name="data" time="0.0">
    <ignored/>
  </testcase> <!-- data -->
</testsuite> <!-- sanitytest -->
