<?xml version="1.0" encoding="UTF-8"?>
<!-- Generated by org.testng.reporters.JUnitXMLReporter -->
<testsuite ignored="1" hostname="DESKTOP-P7M9UKA" failures="0" tests="5" name="SmokeTest" time="29.526" errors="0" timestamp="2025-05-22T15:51:35 IST">
  <testcase classname="Annotations.dataprovider" name="data1" time="0.878"/>
  <testcase classname="Annotations.dataprovider" name="data1" time="0.399"/>
  <testcase classname="Annotations.dataprovider" name="data1" time="0.413"/>
  <testcase classname="Annotations.dataprovider" name="data1" time="0.4"/>
  <testcase classname="Annotations.dataprovider" name="data1" time="1.034"/>
  <testcase classname="Annotations.dataprovider" name="data" time="0.0">
    <ignored/>
  </testcase> <!-- data -->
</testsuite> <!-- SmokeTest -->
