<?xml version="1.0" encoding="UTF-8"?>
<!-- Generated by org.testng.reporters.JUnitXMLReporter -->
<testsuite ignored="0" hostname="DESKTOP-P7M9UKA" failures="0" tests="6" name="balze" time="108.212" errors="0" timestamp="2025-05-20T17:06:48 IST">
  <testcase classname="Annotations.blazedemoTest" name="tc_01" time="10.147"/>
  <testcase classname="Annotations.blazedemoTest" name="tc_02" time="0.137"/>
  <testcase classname="Annotations.blazedemoTest" name="tc_03" time="0.545"/>
  <testcase classname="Annotations.blazedemoTest" name="tc_04" time="16.747"/>
  <testcase classname="Annotations.blazedemoTest" name="tc_05" time="33.001"/>
  <testcase classname="Annotations.blazedemoTest" name="tc_06" time="18.417"/>
</testsuite> <!-- balze -->
