<?xml version="1.0" encoding="UTF-8"?>
<!-- Generated by org.testng.reporters.JUnitXMLReporter -->
<testsuite ignored="0" hostname="DESKTOP-P7M9UKA" failures="0" tests="7" name="blaze" time="31.114" errors="0" timestamp="2025-05-22T15:41:52 IST">
  <testcase classname="Annotations.blazedemoTest" name="tc_01" time="10.419"/>
  <testcase classname="Annotations.blazedemoTest" name="tc_02" time="1.035"/>
  <testcase classname="Annotations.blazedemoTest" name="tc_03" time="0.176"/>
  <testcase classname="Annotations.blazedemoTest" name="tc_04" time="0.0">
    <skipped/>
  </testcase> <!-- tc_04 -->
  <testcase classname="Annotations.blazedemoTest" name="tc_05" time="0.0">
    <skipped/>
  </testcase> <!-- tc_05 -->
  <testcase classname="Annotations.blazedemoTest" name="tc_06" time="0.0">
    <skipped/>
  </testcase> <!-- tc_06 -->
  <testcase classname="Annotations.blazedemoTest" name="tc_07" time="0.0">
    <skipped/>
  </testcase> <!-- tc_07 -->
</testsuite> <!-- blaze -->
