<?xml version="1.0" encoding="UTF-8"?>
<!-- Generated by org.testng.reporters.JUnitXMLReporter -->
<testsuite ignored="0" hostname="DESKTOP-P7M9UKA" failures="1" tests="8" name="SmokeTest" time="43.707" errors="0" timestamp="2025-05-23T15:08:28 IST">
  <testcase classname="Annotations.dataprovider" name="data" time="3.61"/>
  <testcase classname="Annotations.dataprovider" name="data1" time="0.33"/>
  <testcase classname="Annotations.dataprovider" name="data1" time="0.343"/>
  <testcase classname="Annotations.dataprovider" name="data1" time="0.338"/>
  <testcase classname="Annotations.dataprovider" name="data1" time="0.298"/>
  <testcase classname="Annotations.dataprovider" name="data1" time="0.988">
    <skipped/>
  </testcase> <!-- data1 -->
  <testcase classname="Annotations.dataprovider" name="data1" time="1.003">
    <skipped/>
  </testcase> <!-- data1 -->
  <testcase classname="Annotations.dataprovider" name="data1" time="1.051">
    <failure type="java.lang.AssertionError" message="logpassed expected [https://practicetestautomation.com/practice-test-login/] but found [https://practicetestautomation.com/logged-in-successfully/]">
      <![CDATA[java.lang.AssertionError: logpassed expected [https://practicetestautomation.com/practice-test-login/] but found [https://practicetestautomation.com/logged-in-successfully/]
at Annotations.dataprovider.data1(dataprovider.java:131)
at java.base/java.util.ArrayList.forEach(ArrayList.java:1511)
... Removed 32 stack frames]]>
    </failure>
  </testcase> <!-- data1 -->
</testsuite> <!-- SmokeTest -->
