<?xml version="1.0" encoding="UTF-8"?>
<!-- Generated by org.testng.reporters.JUnitXMLReporter -->
<testsuite ignored="0" hostname="DESKTOP-P7M9UKA" failures="0" tests="6" name="SmokeTest" time="23.394" errors="0" timestamp="2025-05-22T15:58:16 IST">
  <testcase classname="Annotations.dataprovider" name="data" time="0.0">
    <skipped/>
  </testcase> <!-- data -->
  <testcase classname="Annotations.dataprovider" name="data1" time="0.989"/>
  <testcase classname="Annotations.dataprovider" name="data1" time="0.459"/>
  <testcase classname="Annotations.dataprovider" name="data1" time="0.434"/>
  <testcase classname="Annotations.dataprovider" name="data1" time="0.399"/>
  <testcase classname="Annotations.dataprovider" name="data1" time="1.125"/>
</testsuite> <!-- SmokeTest -->
