<?xml version="1.0" encoding="UTF-8"?>
<!-- Generated by org.testng.reporters.JUnitXMLReporter -->
<testsuite ignored="1" hostname="DESKTOP-P7M9UKA" failures="0" tests="6" name="Test" time="0.097" errors="0" timestamp="2025-05-07T21:40:50 IST">
  <testcase classname="Annotations.annoation" name="test01" time="0.007"/>
  <testcase classname="Annotations.annoation" name="test02" time="0.003"/>
  <testcase classname="Annotations.Attributes" name="Home" time="0.011"/>
  <testcase classname="Annotations.Attributes" name="search" time="0.003"/>
  <testcase classname="Annotations.Attributes" name="confirm" time="0.001"/>
  <testcase classname="Annotations.Attributes" name="logout" time="0.002"/>
  <testcase classname="Annotations.Attributes" name="login" time="0.0">
    <ignored/>
  </testcase> <!-- login -->
</testsuite> <!-- Test -->
